0 info it worked if it ends with ok
1 verbose cli [ '/usr/local/Cellar/node/7.4.0/bin/node',
1 verbose cli   '/usr/local/bin/npm',
1 verbose cli   'run',
1 verbose cli   'dev' ]
2 info using npm@4.1.2
3 info using node@v7.4.0
4 verbose run-script [ 'predev', 'dev', 'postdev' ]
5 info lifecycle GimmeCar@0.1.0~predev: GimmeCar@0.1.0
6 silly lifecycle GimmeCar@0.1.0~predev: no script for predev, continuing
7 info lifecycle GimmeCar@0.1.0~dev: GimmeCar@0.1.0
8 verbose lifecycle GimmeCar@0.1.0~dev: unsafe-perm in lifecycle true
9 verbose lifecycle GimmeCar@0.1.0~dev: PATH: /usr/local/lib/node_modules/npm/bin/node-gyp-bin:/Users/samaypatel/gimmecar/node_modules/.bin:/usr/local/bin:/usr/local/sbin:/usr/bin:/bin:/usr/sbin:/sbin
10 verbose lifecycle GimmeCar@0.1.0~dev: CWD: /Users/samaypatel/gimmecar
11 silly lifecycle GimmeCar@0.1.0~dev: Args: [ '-c',
11 silly lifecycle   'webpack-dev-server --config ./config/webpack/development.js' ]
12 silly lifecycle GimmeCar@0.1.0~dev: Returned: code: 1  signal: null
13 info lifecycle GimmeCar@0.1.0~dev: Failed to exec dev script
14 verbose stack Error: GimmeCar@0.1.0 dev: `webpack-dev-server --config ./config/webpack/development.js`
14 verbose stack Exit status 1
14 verbose stack     at EventEmitter.<anonymous> (/usr/local/lib/node_modules/npm/lib/utils/lifecycle.js:279:16)
14 verbose stack     at emitTwo (events.js:106:13)
14 verbose stack     at EventEmitter.emit (events.js:191:7)
14 verbose stack     at ChildProcess.<anonymous> (/usr/local/lib/node_modules/npm/lib/utils/spawn.js:40:14)
14 verbose stack     at emitTwo (events.js:106:13)
14 verbose stack     at ChildProcess.emit (events.js:191:7)
14 verbose stack     at maybeClose (internal/child_process.js:885:16)
14 verbose stack     at Process.ChildProcess._handle.onexit (internal/child_process.js:226:5)
15 verbose pkgid GimmeCar@0.1.0
16 verbose cwd /Users/samaypatel/gimmecar
17 error Darwin 15.6.0
18 error argv "/usr/local/Cellar/node/7.4.0/bin/node" "/usr/local/bin/npm" "run" "dev"
19 error node v7.4.0
20 error npm  v4.1.2
21 error code ELIFECYCLE
22 error GimmeCar@0.1.0 dev: `webpack-dev-server --config ./config/webpack/development.js`
22 error Exit status 1
23 error Failed at the GimmeCar@0.1.0 dev script 'webpack-dev-server --config ./config/webpack/development.js'.
23 error Make sure you have the latest version of node.js and npm installed.
23 error If you do, this is most likely a problem with the GimmeCar package,
23 error not with npm itself.
23 error Tell the author that this fails on your system:
23 error     webpack-dev-server --config ./config/webpack/development.js
23 error You can get information on how to open an issue for this project with:
23 error     npm bugs GimmeCar
23 error Or if that isn't available, you can get their info via:
23 error     npm owner ls GimmeCar
23 error There is likely additional logging output above.
24 verbose exit [ 1, true ]
